<?xml version="1.0" encoding="UTF-8"?>
<!-- Generated by org.testng.reporters.JUnitReportReporter -->
<testsuite hostname="DESKTOP-VRS30OQ" failures="0" tests="1" name="Testcase.LoginApplication" time="31.865" errors="0" timestamp="2022-03-17T15:57:38 IST" skipped="0">
  <testcase classname="Testcase.LoginApplication" name="Login" time="31.865"/>
  <system-out/>
</testsuite> <!-- Testcase.LoginApplication -->
